# JRE version: OpenJDK Runtime Environment (8.0_171-b11) (build 1.8.0_171-8u171-b11-0ubuntu0.16.04.1-b11)
# Java VM: OpenJDK 64-Bit Server VM (25.171-b11 mixed mode linux-amd64 compressed oops)
Heap:
 PSYoungGen      total 43008K, used 2832K [0x00000000d8800000, 0x00000000db780000, 0x0000000100000000)
  eden space 39424K, 1% used [0x00000000d8800000,0x00000000d88877d8,0x00000000dae80000)
  from space 3584K, 63% used [0x00000000db280000,0x00000000db4bc9f8,0x00000000db600000)
  to   space 4096K, 0% used [0x00000000dae80000,0x00000000dae80000,0x00000000db280000)
 ParOldGen       total 115712K, used 76401K [0x0000000089800000, 0x0000000090900000, 0x00000000d8800000)
  object space 115712K, 66% used [0x0000000089800000,0x000000008e29c530,0x0000000090900000)
 Metaspace       used 21564K, capacity 22954K, committed 23168K, reserved 1069056K
  class space    used 2272K, capacity 2822K, committed 2944K, reserved 1048576K
GC Heap History (10 events):
Event: 7957.355 GC heap before
{Heap before GC invocations=781 (full 1):
 PSYoungGen      total 32256K, used 31058K [0x00000000d8800000, 0x00000000daf80000, 0x0000000100000000)
  eden space 28672K, 100% used [0x00000000d8800000,0x00000000da400000,0x00000000da400000)
  from space 3584K, 66% used [0x00000000da400000,0x00000000da6549f8,0x00000000da780000)
  to   space 4096K, 0% used [0x00000000dab80000,0x00000000dab80000,0x00000000daf80000)
 ParOldGen       total 115712K, used 76361K [0x0000000089800000, 0x0000000090900000, 0x00000000d8800000)
  object space 115712K, 65% used [0x0000000089800000,0x000000008e292530,0x0000000090900000)
 Metaspace       used 21564K, capacity 22954K, committed 23168K, reserved 1069056K
  class space    used 2272K, capacity 2822K, committed 2944K, reserved 1048576K
Event: 7957.358 GC heap after
Heap after GC invocations=781 (full 1):
 PSYoungGen      total 36352K, used 1857K [0x00000000d8800000, 0x00000000daf80000, 0x0000000100000000)
  eden space 32256K, 0% used [0x00000000d8800000,0x00000000d8800000,0x00000000da780000)
  from space 4096K, 45% used [0x00000000dab80000,0x00000000dad506a8,0x00000000daf80000)
  to   space 4096K, 0% used [0x00000000da780000,0x00000000da780000,0x00000000dab80000)
 ParOldGen       total 115712K, used 76385K [0x0000000089800000, 0x0000000090900000, 0x00000000d8800000)
  object space 115712K, 66% used [0x0000000089800000,0x000000008e298530,0x0000000090900000)
 Metaspace       used 21564K, capacity 22954K, committed 23168K, reserved 1069056K
  class space    used 2272K, capacity 2822K, committed 2944K, reserved 1048576K
}
Event: 7957.539 GC heap before
{Heap before GC invocations=782 (full 1):
 PSYoungGen      total 36352K, used 34113K [0x00000000d8800000, 0x00000000daf80000, 0x0000000100000000)
  eden space 32256K, 100% used [0x00000000d8800000,0x00000000da780000,0x00000000da780000)
  from space 4096K, 45% used [0x00000000dab80000,0x00000000dad506a8,0x00000000daf80000)
  to   space 4096K, 0% used [0x00000000da780000,0x00000000da780000,0x00000000dab80000)
 ParOldGen       total 115712K, used 76385K [0x0000000089800000, 0x0000000090900000, 0x00000000d8800000)
  object space 115712K, 66% used [0x0000000089800000,0x000000008e298530,0x0000000090900000)
 Metaspace       used 21564K, capacity 22954K, committed 23168K, reserved 1069056K
  class space    used 2272K, capacity 2822K, committed 2944K, reserved 1048576K
Event: 7957.540 GC heap after
Heap after GC invocations=782 (full 1):
 PSYoungGen      total 36352K, used 320K [0x00000000d8800000, 0x00000000db300000, 0x0000000100000000)
  eden space 32256K, 0% used [0x00000000d8800000,0x00000000d8800000,0x00000000da780000)
  from space 4096K, 7% used [0x00000000da780000,0x00000000da7d0000,0x00000000dab80000)
  to   space 4096K, 0% used [0x00000000daf00000,0x00000000daf00000,0x00000000db300000)
 ParOldGen       total 115712K, used 76385K [0x0000000089800000, 0x0000000090900000, 0x00000000d8800000)
  object space 115712K, 66% used [0x0000000089800000,0x000000008e298530,0x0000000090900000)
 Metaspace       used 21564K, capacity 22954K, committed 23168K, reserved 1069056K
  class space    used 2272K, capacity 2822K, committed 2944K, reserved 1048576K
}
Event: 7957.646 GC heap before
{Heap before GC invocations=783 (full 1):
 PSYoungGen      total 36352K, used 32576K [0x00000000d8800000, 0x00000000db300000, 0x0000000100000000)
  eden space 32256K, 100% used [0x00000000d8800000,0x00000000da780000,0x00000000da780000)
  from space 4096K, 7% used [0x00000000da780000,0x00000000da7d0000,0x00000000dab80000)
  to   space 4096K, 0% used [0x00000000daf00000,0x00000000daf00000,0x00000000db300000)
 ParOldGen       total 115712K, used 76385K [0x0000000089800000, 0x0000000090900000, 0x00000000d8800000)
  object space 115712K, 66% used [0x0000000089800000,0x000000008e298530,0x0000000090900000)
 Metaspace       used 21564K, capacity 22954K, committed 23168K, reserved 1069056K
  class space    used 2272K, capacity 2822K, committed 2944K, reserved 1048576K
Event: 7957.651 GC heap after
Heap after GC invocations=783 (full 1):
 PSYoungGen      total 39936K, used 1953K [0x00000000d8800000, 0x00000000db380000, 0x0000000100000000)
  eden space 35840K, 0% used [0x00000000d8800000,0x00000000d8800000,0x00000000dab00000)
  from space 4096K, 47% used [0x00000000daf00000,0x00000000db0e86a8,0x00000000db300000)
  to   space 4096K, 0% used [0x00000000dab00000,0x00000000dab00000,0x00000000daf00000)
 ParOldGen       total 115712K, used 76385K [0x0000000089800000, 0x0000000090900000, 0x00000000d8800000)
  object space 115712K, 66% used [0x0000000089800000,0x000000008e298530,0x0000000090900000)
 Metaspace       used 21564K, capacity 22954K, committed 23168K, reserved 1069056K
  class space    used 2272K, capacity 2822K, committed 2944K, reserved 1048576K
}
Event: 7981.103 GC heap before
{Heap before GC invocations=784 (full 1):
 PSYoungGen      total 39936K, used 37793K [0x00000000d8800000, 0x00000000db380000, 0x0000000100000000)
  eden space 35840K, 100% used [0x00000000d8800000,0x00000000dab00000,0x00000000dab00000)
  from space 4096K, 47% used [0x00000000daf00000,0x00000000db0e86a8,0x00000000db300000)
  to   space 4096K, 0% used [0x00000000dab00000,0x00000000dab00000,0x00000000daf00000)
 ParOldGen       total 115712K, used 76385K [0x0000000089800000, 0x0000000090900000, 0x00000000d8800000)
  object space 115712K, 66% used [0x0000000089800000,0x000000008e298530,0x0000000090900000)
 Metaspace       used 21564K, capacity 22954K, committed 23168K, reserved 1069056K
  class space    used 2272K, capacity 2822K, committed 2944K, reserved 1048576K
Event: 7981.106 GC heap after
Heap after GC invocations=784 (full 1):
 PSYoungGen      total 39936K, used 864K [0x00000000d8800000, 0x00000000db600000, 0x0000000100000000)
  eden space 35840K, 0% used [0x00000000d8800000,0x00000000d8800000,0x00000000dab00000)
  from space 4096K, 21% used [0x00000000dab00000,0x00000000dabd8000,0x00000000daf00000)
  to   space 3584K, 0% used [0x00000000db280000,0x00000000db280000,0x00000000db600000)
 ParOldGen       total 115712K, used 76385K [0x0000000089800000, 0x0000000090900000, 0x00000000d8800000)
  object space 115712K, 66% used [0x0000000089800000,0x000000008e298530,0x0000000090900000)
 Metaspace       used 21564K, capacity 22954K, committed 23168K, reserved 1069056K
  class space    used 2272K, capacity 2822K, committed 2944K, reserved 1048576K
}
Event: 7981.364 GC heap before
{Heap before GC invocations=785 (full 1):
 PSYoungGen      total 39936K, used 36704K [0x00000000d8800000, 0x00000000db600000, 0x0000000100000000)
  eden space 35840K, 100% used [0x00000000d8800000,0x00000000dab00000,0x00000000dab00000)
  from space 4096K, 21% used [0x00000000dab00000,0x00000000dabd8000,0x00000000daf00000)
  to   space 3584K, 0% used [0x00000000db280000,0x00000000db280000,0x00000000db600000)
 ParOldGen       total 115712K, used 76385K [0x0000000089800000, 0x0000000090900000, 0x00000000d8800000)
  object space 115712K, 66% used [0x0000000089800000,0x000000008e298530,0x0000000090900000)
 Metaspace       used 21564K, capacity 22954K, committed 23168K, reserved 1069056K
  class space    used 2272K, capacity 2822K, committed 2944K, reserved 1048576K
Event: 7981.372 GC heap after
Heap after GC invocations=785 (full 1):
 PSYoungGen      total 43008K, used 2290K [0x00000000d8800000, 0x00000000db780000, 0x0000000100000000)
  eden space 39424K, 0% used [0x00000000d8800000,0x00000000d8800000,0x00000000dae80000)
  from space 3584K, 63% used [0x00000000db280000,0x00000000db4bc9f8,0x00000000db600000)
  to   space 4096K, 0% used [0x00000000dae80000,0x00000000dae80000,0x00000000db280000)
 ParOldGen       total 115712K, used 76401K [0x0000000089800000, 0x0000000090900000, 0x00000000d8800000)
  object space 115712K, 66% used [0x0000000089800000,0x000000008e29c530,0x0000000090900000)
 Metaspace       used 21564K, capacity 22954K, committed 23168K, reserved 1069056K
  class space    used 2272K, capacity 2822K, committed 2944K, reserved 1048576K
}

